  ▲ Next.js 14.2.5
  - Local:        http://localhost:3000

 ✓ Starting...
 ✓ Ready in 584ms
[pabbly-webhook] raw inbound payload: {
  "keys": [],
  "body": {}
}
prisma:error Error in PostgreSQL connection: Error { kind: Io, cause: Some(Os { code: 10054, kind: ConnectionReset, message: "An existing connection was forcibly closed by the remote host." }) }
prisma:error Error in PostgreSQL connection: Error { kind: Io, cause: Some(Os { code: 10054, kind: ConnectionReset, message: "An existing connection was forcibly closed by the remote host." }) }
prisma:error Error in PostgreSQL connection: Error { kind: Io, cause: Some(Os { code: 10054, kind: ConnectionReset, message: "An existing connection was forcibly closed by the remote host." }) }
prisma:error Error in PostgreSQL connection: Error { kind: Io, cause: Some(Os { code: 10054, kind: ConnectionReset, message: "An existing connection was forcibly closed by the remote host." }) }
prisma:error Error in PostgreSQL connection: Error { kind: Io, cause: Some(Os { code: 10054, kind: ConnectionReset, message: "An existing connection was forcibly closed by the remote host." }) }
prisma:error Error in PostgreSQL connection: Error { kind: Io, cause: Some(Os { code: 10054, kind: ConnectionReset, message: "An existing connection was forcibly closed by the remote host." }) }
prisma:error Error in PostgreSQL connection: Error { kind: Io, cause: Some(Os { code: 10054, kind: ConnectionReset, message: "An existing connection was forcibly closed by the remote host." }) }
prisma:error Error in PostgreSQL connection: Error { kind: Io, cause: Some(Os { code: 10054, kind: ConnectionReset, message: "An existing connection was forcibly closed by the remote host." }) }
prisma:error Error in PostgreSQL connection: Error { kind: Io, cause: Some(Os { code: 10054, kind: ConnectionReset, message: "An existing connection was forcibly closed by the remote host." }) }
prisma:error Error in PostgreSQL connection: Error { kind: Io, cause: Some(Os { code: 10054, kind: ConnectionReset, message: "An existing connection was forcibly closed by the remote host." }) }
prisma:error Error in PostgreSQL connection: Error { kind: Io, cause: Some(Os { code: 10054, kind: ConnectionReset, message: "An existing connection was forcibly closed by the remote host." }) }
prisma:error Error in PostgreSQL connection: Error { kind: Io, cause: Some(Os { code: 10054, kind: ConnectionReset, message: "An existing connection was forcibly closed by the remote host." }) }
prisma:error Error in PostgreSQL connection: Error { kind: Io, cause: Some(Os { code: 10054, kind: ConnectionReset, message: "An existing connection was forcibly closed by the remote host." }) }
prisma:error Error in PostgreSQL connection: Error { kind: Io, cause: Some(Os { code: 10054, kind: ConnectionReset, message: "An existing connection was forcibly closed by the remote host." }) }
prisma:error Error in PostgreSQL connection: Error { kind: Io, cause: Some(Os { code: 10054, kind: ConnectionReset, message: "An existing connection was forcibly closed by the remote host." }) }
prisma:error Error in PostgreSQL connection: Error { kind: Io, cause: Some(Os { code: 10054, kind: ConnectionReset, message: "An existing connection was forcibly closed by the remote host." }) }
prisma:error Error in PostgreSQL connection: Error { kind: Io, cause: Some(Os { code: 10054, kind: ConnectionReset, message: "An existing connection was forcibly closed by the remote host." }) }
prisma:error Error in PostgreSQL connection: Error { kind: Io, cause: Some(Os { code: 10054, kind: ConnectionReset, message: "An existing connection was forcibly closed by the remote host." }) }
prisma:error Error in PostgreSQL connection: Error { kind: Io, cause: Some(Os { code: 10054, kind: ConnectionReset, message: "An existing connection was forcibly closed by the remote host." }) }
prisma:error Error in PostgreSQL connection: Error { kind: Io, cause: Some(Os { code: 10054, kind: ConnectionReset, message: "An existing connection was forcibly closed by the remote host." }) }
prisma:error Error in PostgreSQL connection: Error { kind: Io, cause: Some(Os { code: 10054, kind: ConnectionReset, message: "An existing connection was forcibly closed by the remote host." }) }
prisma:error Error in PostgreSQL connection: Error { kind: Io, cause: Some(Os { code: 10054, kind: ConnectionReset, message: "An existing connection was forcibly closed by the remote host." }) }
prisma:error Error in PostgreSQL connection: Error { kind: Io, cause: Some(Os { code: 10054, kind: ConnectionReset, message: "An existing connection was forcibly closed by the remote host." }) }
prisma:error Error in PostgreSQL connection: Error { kind: Io, cause: Some(Os { code: 10054, kind: ConnectionReset, message: "An existing connection was forcibly closed by the remote host." }) }
prisma:error Error in PostgreSQL connection: Error { kind: Io, cause: Some(Os { code: 10054, kind: ConnectionReset, message: "An existing connection was forcibly closed by the remote host." }) }
